<?xml version="1.0" encoding="UTF-8"?>
<testsuite name="itemsifter.ItemSifterTests" tests="6" skipped="0" failures="0" errors="0" timestamp="2021-05-07T17:12:08" hostname="DESKTOP-A8LG84D" time="0.068">
  <properties/>
  <testcase name="addItems()" classname="itemsifter.ItemSifterTests" time="0.052"/>
  <testcase name="hardFilters()" classname="itemsifter.ItemSifterTests" time="0.004"/>
  <testcase name="noFilters()" classname="itemsifter.ItemSifterTests" time="0.001"/>
  <testcase name="displays()" classname="itemsifter.ItemSifterTests" time="0.004"/>
  <testcase name="softFilters()" classname="itemsifter.ItemSifterTests" time="0.002"/>
  <testcase name="hardAndSoftFilters()" classname="itemsifter.ItemSifterTests" time="0.003"/>
  <system-out><![CDATA[]]></system-out>
  <system-err><![CDATA[]]></system-err>
</testsuite>
